[2018-12-27 17:21:16,911] INFO [ControllerEventThread controllerId=0] Starting (kafka.controller.ControllerEventManager$ControllerEventThread)
[2018-12-27 17:21:16,994] INFO [Controller id=0] 0 successfully elected as the controller. Epoch incremented to 1 and epoch zk version is now 1 (kafka.controller.KafkaController)
[2018-12-27 17:21:16,994] INFO [Controller id=0] Registering handlers (kafka.controller.KafkaController)
[2018-12-27 17:21:16,997] INFO [Controller id=0] Deleting log dir event notifications (kafka.controller.KafkaController)
[2018-12-27 17:21:16,999] INFO [Controller id=0] Deleting isr change notifications (kafka.controller.KafkaController)
[2018-12-27 17:21:17,028] INFO [Controller id=0] Initializing controller context (kafka.controller.KafkaController)
[2018-12-27 17:21:17,066] DEBUG [Controller id=0] Register BrokerModifications handler for Set(0) (kafka.controller.KafkaController)
[2018-12-27 17:21:17,075] DEBUG [Channel manager on controller 0]: Controller 0 trying to connect to broker 0 (kafka.controller.ControllerChannelManager)
[2018-12-27 17:21:17,087] INFO [RequestSendThread controllerId=0] Starting (kafka.controller.RequestSendThread)
[2018-12-27 17:21:17,089] INFO [Controller id=0] Partitions being reassigned: Map() (kafka.controller.KafkaController)
[2018-12-27 17:21:17,090] INFO [Controller id=0] Currently active brokers in the cluster: Set(0) (kafka.controller.KafkaController)
[2018-12-27 17:21:17,091] INFO [Controller id=0] Currently shutting brokers in the cluster: Set() (kafka.controller.KafkaController)
[2018-12-27 17:21:17,091] INFO [Controller id=0] Current list of topics in the cluster: Set() (kafka.controller.KafkaController)
[2018-12-27 17:21:17,092] INFO [Controller id=0] Fetching topic deletions in progress (kafka.controller.KafkaController)
[2018-12-27 17:21:17,094] INFO [Controller id=0] List of topics to be deleted:  (kafka.controller.KafkaController)
[2018-12-27 17:21:17,094] INFO [Controller id=0] List of topics ineligible for deletion:  (kafka.controller.KafkaController)
[2018-12-27 17:21:17,095] INFO [Controller id=0] Initializing topic deletion manager (kafka.controller.KafkaController)
[2018-12-27 17:21:17,095] INFO [Controller id=0] Sending update metadata request (kafka.controller.KafkaController)
[2018-12-27 17:21:17,100] INFO [ReplicaStateMachine controllerId=0] Initializing replica state (kafka.controller.ReplicaStateMachine)
[2018-12-27 17:21:17,101] INFO [ReplicaStateMachine controllerId=0] Triggering online replica state changes (kafka.controller.ReplicaStateMachine)
[2018-12-27 17:21:17,107] INFO [ReplicaStateMachine controllerId=0] Started replica state machine with initial state -> Map() (kafka.controller.ReplicaStateMachine)
[2018-12-27 17:21:17,107] INFO [PartitionStateMachine controllerId=0] Initializing partition state (kafka.controller.PartitionStateMachine)
[2018-12-27 17:21:17,108] INFO [PartitionStateMachine controllerId=0] Triggering online partition state changes (kafka.controller.PartitionStateMachine)
[2018-12-27 17:21:17,121] INFO [RequestSendThread controllerId=0] Controller 0 connected to Lando:9092 (id: 0 rack: null) for sending state change requests (kafka.controller.RequestSendThread)
[2018-12-27 17:21:17,123] INFO [PartitionStateMachine controllerId=0] Started partition state machine with initial state -> Map() (kafka.controller.PartitionStateMachine)
[2018-12-27 17:21:17,124] INFO [Controller id=0] Ready to serve as the new controller with epoch 1 (kafka.controller.KafkaController)
[2018-12-27 17:21:17,125] INFO [Controller id=0] Removing partitions Set() from the list of reassigned partitions in zookeeper (kafka.controller.KafkaController)
[2018-12-27 17:21:17,125] INFO [Controller id=0] No more partitions need to be reassigned. Deleting zk path /admin/reassign_partitions (kafka.controller.KafkaController)
[2018-12-27 17:21:17,153] INFO [Controller id=0] Partitions undergoing preferred replica election:  (kafka.controller.KafkaController)
[2018-12-27 17:21:17,153] INFO [Controller id=0] Partitions that completed preferred replica election:  (kafka.controller.KafkaController)
[2018-12-27 17:21:17,153] INFO [Controller id=0] Skipping preferred replica election for partitions due to topic deletion:  (kafka.controller.KafkaController)
[2018-12-27 17:21:17,154] INFO [Controller id=0] Resuming preferred replica election for partitions:  (kafka.controller.KafkaController)
[2018-12-27 17:21:17,154] INFO [Controller id=0] Starting preferred replica leader election for partitions  (kafka.controller.KafkaController)
[2018-12-27 17:21:17,188] INFO [Controller id=0] Starting the controller scheduler (kafka.controller.KafkaController)
[2018-12-27 17:21:22,193] TRACE [Controller id=0] Checking need to trigger auto leader balancing (kafka.controller.KafkaController)
[2018-12-27 17:21:22,195] DEBUG [Controller id=0] Preferred replicas by broker Map() (kafka.controller.KafkaController)
[2018-12-27 17:22:07,005] INFO [Controller id=0] New topics: [Set(linlin)], deleted topics: [Set()], new partition replica assignment [Map(linlin-0 -> Vector(0))] (kafka.controller.KafkaController)
[2018-12-27 17:22:07,006] INFO [Controller id=0] New partition creation callback for linlin-0 (kafka.controller.KafkaController)
[2018-12-27 17:25:13,109] INFO [Controller id=0] New topics: [Set(linlin999)], deleted topics: [Set()], new partition replica assignment [Map(linlin999-0 -> Vector(0))] (kafka.controller.KafkaController)
[2018-12-27 17:25:13,109] INFO [Controller id=0] New partition creation callback for linlin999-0 (kafka.controller.KafkaController)
[2018-12-27 17:26:22,197] TRACE [Controller id=0] Checking need to trigger auto leader balancing (kafka.controller.KafkaController)
[2018-12-27 17:26:22,197] DEBUG [Controller id=0] Preferred replicas by broker Map(0 -> Map(linlin999-0 -> Vector(0), linlin-0 -> Vector(0))) (kafka.controller.KafkaController)
[2018-12-27 17:26:22,198] DEBUG [Controller id=0] Topics not in preferred replica for broker 0 Map() (kafka.controller.KafkaController)
[2018-12-27 17:26:22,199] TRACE [Controller id=0] Leader imbalance ratio for broker 0 is 0.0 (kafka.controller.KafkaController)
[2018-12-27 17:29:19,713] INFO [ControllerEventThread controllerId=0] Starting (kafka.controller.ControllerEventManager$ControllerEventThread)
[2018-12-27 17:29:19,759] INFO [Controller id=0] 0 successfully elected as the controller. Epoch incremented to 2 and epoch zk version is now 2 (kafka.controller.KafkaController)
[2018-12-27 17:29:19,759] INFO [Controller id=0] Registering handlers (kafka.controller.KafkaController)
[2018-12-27 17:29:19,762] INFO [Controller id=0] Deleting log dir event notifications (kafka.controller.KafkaController)
[2018-12-27 17:29:19,763] INFO [Controller id=0] Deleting isr change notifications (kafka.controller.KafkaController)
[2018-12-27 17:29:19,765] INFO [Controller id=0] Initializing controller context (kafka.controller.KafkaController)
[2018-12-27 17:29:19,819] DEBUG [Controller id=0] Register BrokerModifications handler for Set(0) (kafka.controller.KafkaController)
[2018-12-27 17:29:19,829] DEBUG [Channel manager on controller 0]: Controller 0 trying to connect to broker 0 (kafka.controller.ControllerChannelManager)
[2018-12-27 17:29:19,839] INFO [RequestSendThread controllerId=0] Starting (kafka.controller.RequestSendThread)
[2018-12-27 17:29:19,840] INFO [Controller id=0] Partitions being reassigned: Map() (kafka.controller.KafkaController)
[2018-12-27 17:29:19,841] INFO [Controller id=0] Currently active brokers in the cluster: Set(0) (kafka.controller.KafkaController)
[2018-12-27 17:29:19,841] INFO [Controller id=0] Currently shutting brokers in the cluster: Set() (kafka.controller.KafkaController)
[2018-12-27 17:29:19,842] INFO [Controller id=0] Current list of topics in the cluster: Set(linlin999, linlin) (kafka.controller.KafkaController)
[2018-12-27 17:29:19,842] INFO [Controller id=0] Fetching topic deletions in progress (kafka.controller.KafkaController)
[2018-12-27 17:29:19,845] INFO [Controller id=0] List of topics to be deleted:  (kafka.controller.KafkaController)
[2018-12-27 17:29:19,845] INFO [Controller id=0] List of topics ineligible for deletion:  (kafka.controller.KafkaController)
[2018-12-27 17:29:19,845] INFO [Controller id=0] Initializing topic deletion manager (kafka.controller.KafkaController)
[2018-12-27 17:29:19,846] INFO [Controller id=0] Sending update metadata request (kafka.controller.KafkaController)
[2018-12-27 17:29:19,855] INFO [ReplicaStateMachine controllerId=0] Initializing replica state (kafka.controller.ReplicaStateMachine)
[2018-12-27 17:29:19,861] INFO [ReplicaStateMachine controllerId=0] Triggering online replica state changes (kafka.controller.ReplicaStateMachine)
[2018-12-27 17:29:19,864] INFO [RequestSendThread controllerId=0] Controller 0 connected to Lando:9092 (id: 0 rack: null) for sending state change requests (kafka.controller.RequestSendThread)
[2018-12-27 17:29:19,878] INFO [ReplicaStateMachine controllerId=0] Started replica state machine with initial state -> Map([Topic=linlin,Partition=0,Replica=0] -> OnlineReplica, [Topic=linlin999,Partition=0,Replica=0] -> OnlineReplica) (kafka.controller.ReplicaStateMachine)
[2018-12-27 17:29:19,879] INFO [PartitionStateMachine controllerId=0] Initializing partition state (kafka.controller.PartitionStateMachine)
[2018-12-27 17:29:19,881] INFO [PartitionStateMachine controllerId=0] Triggering online partition state changes (kafka.controller.PartitionStateMachine)
[2018-12-27 17:29:19,882] INFO [PartitionStateMachine controllerId=0] Started partition state machine with initial state -> Map(linlin999-0 -> OnlinePartition, linlin-0 -> OnlinePartition) (kafka.controller.PartitionStateMachine)
[2018-12-27 17:29:19,882] INFO [Controller id=0] Ready to serve as the new controller with epoch 2 (kafka.controller.KafkaController)
[2018-12-27 17:29:19,884] INFO [Controller id=0] Removing partitions Set() from the list of reassigned partitions in zookeeper (kafka.controller.KafkaController)
[2018-12-27 17:29:19,884] INFO [Controller id=0] No more partitions need to be reassigned. Deleting zk path /admin/reassign_partitions (kafka.controller.KafkaController)
[2018-12-27 17:29:19,920] INFO [Controller id=0] Partitions undergoing preferred replica election:  (kafka.controller.KafkaController)
[2018-12-27 17:29:19,920] INFO [Controller id=0] Partitions that completed preferred replica election:  (kafka.controller.KafkaController)
[2018-12-27 17:29:19,920] INFO [Controller id=0] Skipping preferred replica election for partitions due to topic deletion:  (kafka.controller.KafkaController)
[2018-12-27 17:29:19,920] INFO [Controller id=0] Resuming preferred replica election for partitions:  (kafka.controller.KafkaController)
[2018-12-27 17:29:19,921] INFO [Controller id=0] Starting preferred replica leader election for partitions  (kafka.controller.KafkaController)
[2018-12-27 17:29:19,950] INFO [Controller id=0] Starting the controller scheduler (kafka.controller.KafkaController)
[2018-12-27 17:29:24,954] TRACE [Controller id=0] Checking need to trigger auto leader balancing (kafka.controller.KafkaController)
[2018-12-27 17:29:24,955] DEBUG [Controller id=0] Preferred replicas by broker Map(0 -> Map(linlin999-0 -> Vector(0), linlin-0 -> Vector(0))) (kafka.controller.KafkaController)
[2018-12-27 17:29:24,956] DEBUG [Controller id=0] Topics not in preferred replica for broker 0 Map() (kafka.controller.KafkaController)
[2018-12-27 17:29:24,956] TRACE [Controller id=0] Leader imbalance ratio for broker 0 is 0.0 (kafka.controller.KafkaController)
[2018-12-27 17:30:00,704] INFO [Controller id=0] New topics: [Set(ssss)], deleted topics: [Set()], new partition replica assignment [Map(ssss-0 -> Vector(0))] (kafka.controller.KafkaController)
[2018-12-27 17:30:00,705] INFO [Controller id=0] New partition creation callback for ssss-0 (kafka.controller.KafkaController)
[2018-12-27 17:34:24,957] TRACE [Controller id=0] Checking need to trigger auto leader balancing (kafka.controller.KafkaController)
[2018-12-27 17:34:24,957] DEBUG [Controller id=0] Preferred replicas by broker Map(0 -> Map(linlin999-0 -> Vector(0), linlin-0 -> Vector(0), ssss-0 -> Vector(0))) (kafka.controller.KafkaController)
[2018-12-27 17:34:24,957] DEBUG [Controller id=0] Topics not in preferred replica for broker 0 Map() (kafka.controller.KafkaController)
[2018-12-27 17:34:24,957] TRACE [Controller id=0] Leader imbalance ratio for broker 0 is 0.0 (kafka.controller.KafkaController)
[2018-12-27 17:34:48,408] INFO [Controller id=0] New topics: [Set(test)], deleted topics: [Set()], new partition replica assignment [Map(test-0 -> Vector(0))] (kafka.controller.KafkaController)
[2018-12-27 17:34:48,408] INFO [Controller id=0] New partition creation callback for test-0 (kafka.controller.KafkaController)
[2018-12-27 17:34:54,076] INFO [Controller id=0] New topics: [Set(__consumer_offsets)], deleted topics: [Set()], new partition replica assignment [Map(__consumer_offsets-22 -> Vector(0), __consumer_offsets-30 -> Vector(0), __consumer_offsets-8 -> Vector(0), __consumer_offsets-21 -> Vector(0), __consumer_offsets-4 -> Vector(0), __consumer_offsets-27 -> Vector(0), __consumer_offsets-7 -> Vector(0), __consumer_offsets-9 -> Vector(0), __consumer_offsets-46 -> Vector(0), __consumer_offsets-25 -> Vector(0), __consumer_offsets-35 -> Vector(0), __consumer_offsets-41 -> Vector(0), __consumer_offsets-33 -> Vector(0), __consumer_offsets-23 -> Vector(0), __consumer_offsets-49 -> Vector(0), __consumer_offsets-47 -> Vector(0), __consumer_offsets-16 -> Vector(0), __consumer_offsets-28 -> Vector(0), __consumer_offsets-31 -> Vector(0), __consumer_offsets-36 -> Vector(0), __consumer_offsets-42 -> Vector(0), __consumer_offsets-3 -> Vector(0), __consumer_offsets-18 -> Vector(0), __consumer_offsets-37 -> Vector(0), __consumer_offsets-15 -> Vector(0), __consumer_offsets-24 -> Vector(0), __consumer_offsets-38 -> Vector(0), __consumer_offsets-17 -> Vector(0), __consumer_offsets-48 -> Vector(0), __consumer_offsets-19 -> Vector(0), __consumer_offsets-11 -> Vector(0), __consumer_offsets-13 -> Vector(0), __consumer_offsets-2 -> Vector(0), __consumer_offsets-43 -> Vector(0), __consumer_offsets-6 -> Vector(0), __consumer_offsets-14 -> Vector(0), __consumer_offsets-20 -> Vector(0), __consumer_offsets-0 -> Vector(0), __consumer_offsets-44 -> Vector(0), __consumer_offsets-39 -> Vector(0), __consumer_offsets-12 -> Vector(0), __consumer_offsets-45 -> Vector(0), __consumer_offsets-1 -> Vector(0), __consumer_offsets-5 -> Vector(0), __consumer_offsets-26 -> Vector(0), __consumer_offsets-29 -> Vector(0), __consumer_offsets-34 -> Vector(0), __consumer_offsets-10 -> Vector(0), __consumer_offsets-32 -> Vector(0), __consumer_offsets-40 -> Vector(0))] (kafka.controller.KafkaController)
[2018-12-27 17:34:54,077] INFO [Controller id=0] New partition creation callback for __consumer_offsets-22,__consumer_offsets-30,__consumer_offsets-8,__consumer_offsets-21,__consumer_offsets-4,__consumer_offsets-27,__consumer_offsets-7,__consumer_offsets-9,__consumer_offsets-46,__consumer_offsets-25,__consumer_offsets-35,__consumer_offsets-41,__consumer_offsets-33,__consumer_offsets-23,__consumer_offsets-49,__consumer_offsets-47,__consumer_offsets-16,__consumer_offsets-28,__consumer_offsets-31,__consumer_offsets-36,__consumer_offsets-42,__consumer_offsets-3,__consumer_offsets-18,__consumer_offsets-37,__consumer_offsets-15,__consumer_offsets-24,__consumer_offsets-38,__consumer_offsets-17,__consumer_offsets-48,__consumer_offsets-19,__consumer_offsets-11,__consumer_offsets-13,__consumer_offsets-2,__consumer_offsets-43,__consumer_offsets-6,__consumer_offsets-14,__consumer_offsets-20,__consumer_offsets-0,__consumer_offsets-44,__consumer_offsets-39,__consumer_offsets-12,__consumer_offsets-45,__consumer_offsets-1,__consumer_offsets-5,__consumer_offsets-26,__consumer_offsets-29,__consumer_offsets-34,__consumer_offsets-10,__consumer_offsets-32,__consumer_offsets-40 (kafka.controller.KafkaController)
[2018-12-27 17:37:52,424] INFO [ControllerEventThread controllerId=0] Starting (kafka.controller.ControllerEventManager$ControllerEventThread)
[2018-12-27 17:37:52,467] INFO [Controller id=0] 0 successfully elected as the controller. Epoch incremented to 3 and epoch zk version is now 3 (kafka.controller.KafkaController)
[2018-12-27 17:37:52,467] INFO [Controller id=0] Registering handlers (kafka.controller.KafkaController)
[2018-12-27 17:37:52,469] INFO [Controller id=0] Deleting log dir event notifications (kafka.controller.KafkaController)
[2018-12-27 17:37:52,471] INFO [Controller id=0] Deleting isr change notifications (kafka.controller.KafkaController)
[2018-12-27 17:37:52,473] INFO [Controller id=0] Initializing controller context (kafka.controller.KafkaController)
[2018-12-27 17:37:52,512] DEBUG [Controller id=0] Register BrokerModifications handler for Set(0) (kafka.controller.KafkaController)
[2018-12-27 17:37:52,538] DEBUG [Channel manager on controller 0]: Controller 0 trying to connect to broker 0 (kafka.controller.ControllerChannelManager)
[2018-12-27 17:37:52,546] INFO [RequestSendThread controllerId=0] Starting (kafka.controller.RequestSendThread)
[2018-12-27 17:37:52,551] INFO [Controller id=0] Partitions being reassigned: Map() (kafka.controller.KafkaController)
[2018-12-27 17:37:52,553] INFO [Controller id=0] Currently active brokers in the cluster: Set(0) (kafka.controller.KafkaController)
[2018-12-27 17:37:52,553] INFO [Controller id=0] Currently shutting brokers in the cluster: Set() (kafka.controller.KafkaController)
[2018-12-27 17:37:52,554] INFO [Controller id=0] Current list of topics in the cluster: Set(test, linlin, __consumer_offsets, ssss, linlin999) (kafka.controller.KafkaController)
[2018-12-27 17:37:52,554] INFO [Controller id=0] Fetching topic deletions in progress (kafka.controller.KafkaController)
[2018-12-27 17:37:52,562] INFO [Controller id=0] List of topics to be deleted:  (kafka.controller.KafkaController)
[2018-12-27 17:37:52,562] INFO [Controller id=0] List of topics ineligible for deletion:  (kafka.controller.KafkaController)
[2018-12-27 17:37:52,563] INFO [Controller id=0] Initializing topic deletion manager (kafka.controller.KafkaController)
[2018-12-27 17:37:52,563] INFO [Controller id=0] Sending update metadata request (kafka.controller.KafkaController)
[2018-12-27 17:37:52,583] INFO [ReplicaStateMachine controllerId=0] Initializing replica state (kafka.controller.ReplicaStateMachine)
[2018-12-27 17:37:52,589] INFO [ReplicaStateMachine controllerId=0] Triggering online replica state changes (kafka.controller.ReplicaStateMachine)
[2018-12-27 17:37:52,594] INFO [RequestSendThread controllerId=0] Controller 0 connected to Lando:9092 (id: 0 rack: null) for sending state change requests (kafka.controller.RequestSendThread)
[2018-12-27 17:37:52,622] INFO [ReplicaStateMachine controllerId=0] Started replica state machine with initial state -> Map([Topic=__consumer_offsets,Partition=21,Replica=0] -> OnlineReplica, [Topic=__consumer_offsets,Partition=42,Replica=0] -> OnlineReplica, [Topic=__consumer_offsets,Partition=46,Replica=0] -> OnlineReplica, [Topic=ssss,Partition=0,Replica=0] -> OnlineReplica, [Topic=__consumer_offsets,Partition=39,Replica=0] -> OnlineReplica, [Topic=__consumer_offsets,Partition=7,Replica=0] -> OnlineReplica, [Topic=__consumer_offsets,Partition=13,Replica=0] -> OnlineReplica, [Topic=__consumer_offsets,Partition=49,Replica=0] -> OnlineReplica, [Topic=__consumer_offsets,Partition=48,Replica=0] -> OnlineReplica, [Topic=__consumer_offsets,Partition=15,Replica=0] -> OnlineReplica, [Topic=__consumer_offsets,Partition=38,Replica=0] -> OnlineReplica, [Topic=__consumer_offsets,Partition=2,Replica=0] -> OnlineReplica, [Topic=__consumer_offsets,Partition=28,Replica=0] -> OnlineReplica, [Topic=__consumer_offsets,Partition=23,Replica=0] -> OnlineReplica, [Topic=__consumer_offsets,Partition=32,Replica=0] -> OnlineReplica, [Topic=__consumer_offsets,Partition=10,Replica=0] -> OnlineReplica, [Topic=__consumer_offsets,Partition=18,Replica=0] -> OnlineReplica, [Topic=__consumer_offsets,Partition=33,Replica=0] -> OnlineReplica, [Topic=__consumer_offsets,Partition=5,Replica=0] -> OnlineReplica, [Topic=__consumer_offsets,Partition=17,Replica=0] -> OnlineReplica, [Topic=__consumer_offsets,Partition=8,Replica=0] -> OnlineReplica, [Topic=__consumer_offsets,Partition=19,Replica=0] -> OnlineReplica, [Topic=__consumer_offsets,Partition=37,Replica=0] -> OnlineReplica, [Topic=linlin,Partition=0,Replica=0] -> OnlineReplica, [Topic=__consumer_offsets,Partition=43,Replica=0] -> OnlineReplica, [Topic=linlin999,Partition=0,Replica=0] -> OnlineReplica, [Topic=__consumer_offsets,Partition=6,Replica=0] -> OnlineReplica, [Topic=__consumer_offsets,Partition=9,Replica=0] -> OnlineReplica, [Topic=__consumer_offsets,Partition=3,Replica=0] -> OnlineReplica, [Topic=__consumer_offsets,Partition=30,Replica=0] -> OnlineReplica, [Topic=__consumer_offsets,Partition=25,Replica=0] -> OnlineReplica, [Topic=__consumer_offsets,Partition=47,Replica=0] -> OnlineReplica, [Topic=__consumer_offsets,Partition=36,Replica=0] -> OnlineReplica, [Topic=__consumer_offsets,Partition=11,Replica=0] -> OnlineReplica, [Topic=__consumer_offsets,Partition=34,Replica=0] -> OnlineReplica, [Topic=__consumer_offsets,Partition=27,Replica=0] -> OnlineReplica, [Topic=__consumer_offsets,Partition=12,Replica=0] -> OnlineReplica, [Topic=__consumer_offsets,Partition=44,Replica=0] -> OnlineReplica, [Topic=__consumer_offsets,Partition=1,Replica=0] -> OnlineReplica, [Topic=__consumer_offsets,Partition=45,Replica=0] -> OnlineReplica, [Topic=__consumer_offsets,Partition=24,Replica=0] -> OnlineReplica, [Topic=__consumer_offsets,Partition=22,Replica=0] -> OnlineReplica, [Topic=__consumer_offsets,Partition=0,Replica=0] -> OnlineReplica, [Topic=__consumer_offsets,Partition=31,Replica=0] -> OnlineReplica, [Topic=__consumer_offsets,Partition=14,Replica=0] -> OnlineReplica, [Topic=__consumer_offsets,Partition=40,Replica=0] -> OnlineReplica, [Topic=__consumer_offsets,Partition=4,Replica=0] -> OnlineReplica, [Topic=__consumer_offsets,Partition=20,Replica=0] -> OnlineReplica, [Topic=__consumer_offsets,Partition=41,Replica=0] -> OnlineReplica, [Topic=test,Partition=0,Replica=0] -> OnlineReplica, [Topic=__consumer_offsets,Partition=26,Replica=0] -> OnlineReplica, [Topic=__consumer_offsets,Partition=29,Replica=0] -> OnlineReplica, [Topic=__consumer_offsets,Partition=16,Replica=0] -> OnlineReplica, [Topic=__consumer_offsets,Partition=35,Replica=0] -> OnlineReplica) (kafka.controller.ReplicaStateMachine)
[2018-12-27 17:37:52,623] INFO [PartitionStateMachine controllerId=0] Initializing partition state (kafka.controller.PartitionStateMachine)
[2018-12-27 17:37:52,625] INFO [PartitionStateMachine controllerId=0] Triggering online partition state changes (kafka.controller.PartitionStateMachine)
[2018-12-27 17:37:52,627] INFO [PartitionStateMachine controllerId=0] Started partition state machine with initial state -> Map(__consumer_offsets-49 -> OnlinePartition, __consumer_offsets-38 -> OnlinePartition, __consumer_offsets-16 -> OnlinePartition, __consumer_offsets-27 -> OnlinePartition, __consumer_offsets-8 -> OnlinePartition, __consumer_offsets-19 -> OnlinePartition, __consumer_offsets-13 -> OnlinePartition, __consumer_offsets-2 -> OnlinePartition, __consumer_offsets-46 -> OnlinePartition, __consumer_offsets-35 -> OnlinePartition, __consumer_offsets-24 -> OnlinePartition, __consumer_offsets-5 -> OnlinePartition, __consumer_offsets-43 -> OnlinePartition, __consumer_offsets-32 -> OnlinePartition, __consumer_offsets-21 -> OnlinePartition, __consumer_offsets-10 -> OnlinePartition, __consumer_offsets-37 -> OnlinePartition, __consumer_offsets-48 -> OnlinePartition, __consumer_offsets-40 -> OnlinePartition, __consumer_offsets-29 -> OnlinePartition, __consumer_offsets-18 -> OnlinePartition, __consumer_offsets-7 -> OnlinePartition, linlin999-0 -> OnlinePartition, __consumer_offsets-34 -> OnlinePartition, __consumer_offsets-23 -> OnlinePartition, __consumer_offsets-45 -> OnlinePartition, linlin-0 -> OnlinePartition, __consumer_offsets-26 -> OnlinePartition, __consumer_offsets-4 -> OnlinePartition, __consumer_offsets-15 -> OnlinePartition, __consumer_offsets-42 -> OnlinePartition, __consumer_offsets-31 -> OnlinePartition, __consumer_offsets-9 -> OnlinePartition, __consumer_offsets-20 -> OnlinePartition, ssss-0 -> OnlinePartition, test-0 -> OnlinePartition, __consumer_offsets-12 -> OnlinePartition, __consumer_offsets-1 -> OnlinePartition, __consumer_offsets-28 -> OnlinePartition, __consumer_offsets-17 -> OnlinePartition, __consumer_offsets-6 -> OnlinePartition, __consumer_offsets-39 -> OnlinePartition, __consumer_offsets-44 -> OnlinePartition, __consumer_offsets-36 -> OnlinePartition, __consumer_offsets-47 -> OnlinePartition, __consumer_offsets-3 -> OnlinePartition, __consumer_offsets-25 -> OnlinePartition, __consumer_offsets-14 -> OnlinePartition, __consumer_offsets-30 -> OnlinePartition, __consumer_offsets-41 -> OnlinePartition, __consumer_offsets-33 -> OnlinePartition, __consumer_offsets-22 -> OnlinePartition, __consumer_offsets-11 -> OnlinePartition, __consumer_offsets-0 -> OnlinePartition) (kafka.controller.PartitionStateMachine)
[2018-12-27 17:37:52,627] INFO [Controller id=0] Ready to serve as the new controller with epoch 3 (kafka.controller.KafkaController)
[2018-12-27 17:37:52,629] INFO [Controller id=0] Removing partitions Set() from the list of reassigned partitions in zookeeper (kafka.controller.KafkaController)
[2018-12-27 17:37:52,629] INFO [Controller id=0] No more partitions need to be reassigned. Deleting zk path /admin/reassign_partitions (kafka.controller.KafkaController)
[2018-12-27 17:37:52,669] INFO [Controller id=0] Partitions undergoing preferred replica election:  (kafka.controller.KafkaController)
[2018-12-27 17:37:52,669] INFO [Controller id=0] Partitions that completed preferred replica election:  (kafka.controller.KafkaController)
[2018-12-27 17:37:52,669] INFO [Controller id=0] Skipping preferred replica election for partitions due to topic deletion:  (kafka.controller.KafkaController)
[2018-12-27 17:37:52,670] INFO [Controller id=0] Resuming preferred replica election for partitions:  (kafka.controller.KafkaController)
[2018-12-27 17:37:52,670] INFO [Controller id=0] Starting preferred replica leader election for partitions  (kafka.controller.KafkaController)
[2018-12-27 17:37:52,697] INFO [Controller id=0] Starting the controller scheduler (kafka.controller.KafkaController)
[2018-12-27 17:37:57,700] TRACE [Controller id=0] Checking need to trigger auto leader balancing (kafka.controller.KafkaController)
[2018-12-27 17:37:57,702] DEBUG [Controller id=0] Preferred replicas by broker Map(0 -> Map(__consumer_offsets-22 -> Vector(0), __consumer_offsets-30 -> Vector(0), linlin999-0 -> Vector(0), __consumer_offsets-8 -> Vector(0), __consumer_offsets-21 -> Vector(0), __consumer_offsets-4 -> Vector(0), __consumer_offsets-27 -> Vector(0), __consumer_offsets-7 -> Vector(0), __consumer_offsets-9 -> Vector(0), __consumer_offsets-46 -> Vector(0), __consumer_offsets-25 -> Vector(0), __consumer_offsets-35 -> Vector(0), __consumer_offsets-41 -> Vector(0), __consumer_offsets-33 -> Vector(0), __consumer_offsets-23 -> Vector(0), __consumer_offsets-49 -> Vector(0), __consumer_offsets-47 -> Vector(0), __consumer_offsets-16 -> Vector(0), test-0 -> Vector(0), __consumer_offsets-28 -> Vector(0), __consumer_offsets-31 -> Vector(0), __consumer_offsets-36 -> Vector(0), __consumer_offsets-42 -> Vector(0), __consumer_offsets-3 -> Vector(0), __consumer_offsets-18 -> Vector(0), __consumer_offsets-37 -> Vector(0), __consumer_offsets-15 -> Vector(0), __consumer_offsets-24 -> Vector(0), __consumer_offsets-38 -> Vector(0), __consumer_offsets-17 -> Vector(0), __consumer_offsets-48 -> Vector(0), linlin-0 -> Vector(0), __consumer_offsets-19 -> Vector(0), __consumer_offsets-11 -> Vector(0), __consumer_offsets-13 -> Vector(0), __consumer_offsets-2 -> Vector(0), __consumer_offsets-43 -> Vector(0), __consumer_offsets-6 -> Vector(0), __consumer_offsets-14 -> Vector(0), ssss-0 -> Vector(0), __consumer_offsets-20 -> Vector(0), __consumer_offsets-0 -> Vector(0), __consumer_offsets-44 -> Vector(0), __consumer_offsets-39 -> Vector(0), __consumer_offsets-12 -> Vector(0), __consumer_offsets-45 -> Vector(0), __consumer_offsets-1 -> Vector(0), __consumer_offsets-5 -> Vector(0), __consumer_offsets-26 -> Vector(0), __consumer_offsets-29 -> Vector(0), __consumer_offsets-34 -> Vector(0), __consumer_offsets-10 -> Vector(0), __consumer_offsets-32 -> Vector(0), __consumer_offsets-40 -> Vector(0))) (kafka.controller.KafkaController)
[2018-12-27 17:37:57,703] DEBUG [Controller id=0] Topics not in preferred replica for broker 0 Map() (kafka.controller.KafkaController)
[2018-12-27 17:37:57,703] TRACE [Controller id=0] Leader imbalance ratio for broker 0 is 0.0 (kafka.controller.KafkaController)
[2018-12-27 17:42:57,705] TRACE [Controller id=0] Checking need to trigger auto leader balancing (kafka.controller.KafkaController)
[2018-12-27 17:42:57,707] DEBUG [Controller id=0] Preferred replicas by broker Map(0 -> Map(__consumer_offsets-22 -> Vector(0), __consumer_offsets-30 -> Vector(0), linlin999-0 -> Vector(0), __consumer_offsets-8 -> Vector(0), __consumer_offsets-21 -> Vector(0), __consumer_offsets-4 -> Vector(0), __consumer_offsets-27 -> Vector(0), __consumer_offsets-7 -> Vector(0), __consumer_offsets-9 -> Vector(0), __consumer_offsets-46 -> Vector(0), __consumer_offsets-25 -> Vector(0), __consumer_offsets-35 -> Vector(0), __consumer_offsets-41 -> Vector(0), __consumer_offsets-33 -> Vector(0), __consumer_offsets-23 -> Vector(0), __consumer_offsets-49 -> Vector(0), __consumer_offsets-47 -> Vector(0), __consumer_offsets-16 -> Vector(0), test-0 -> Vector(0), __consumer_offsets-28 -> Vector(0), __consumer_offsets-31 -> Vector(0), __consumer_offsets-36 -> Vector(0), __consumer_offsets-42 -> Vector(0), __consumer_offsets-3 -> Vector(0), __consumer_offsets-18 -> Vector(0), __consumer_offsets-37 -> Vector(0), __consumer_offsets-15 -> Vector(0), __consumer_offsets-24 -> Vector(0), __consumer_offsets-38 -> Vector(0), __consumer_offsets-17 -> Vector(0), __consumer_offsets-48 -> Vector(0), linlin-0 -> Vector(0), __consumer_offsets-19 -> Vector(0), __consumer_offsets-11 -> Vector(0), __consumer_offsets-13 -> Vector(0), __consumer_offsets-2 -> Vector(0), __consumer_offsets-43 -> Vector(0), __consumer_offsets-6 -> Vector(0), __consumer_offsets-14 -> Vector(0), ssss-0 -> Vector(0), __consumer_offsets-20 -> Vector(0), __consumer_offsets-0 -> Vector(0), __consumer_offsets-44 -> Vector(0), __consumer_offsets-39 -> Vector(0), __consumer_offsets-12 -> Vector(0), __consumer_offsets-45 -> Vector(0), __consumer_offsets-1 -> Vector(0), __consumer_offsets-5 -> Vector(0), __consumer_offsets-26 -> Vector(0), __consumer_offsets-29 -> Vector(0), __consumer_offsets-34 -> Vector(0), __consumer_offsets-10 -> Vector(0), __consumer_offsets-32 -> Vector(0), __consumer_offsets-40 -> Vector(0))) (kafka.controller.KafkaController)
[2018-12-27 17:42:57,707] DEBUG [Controller id=0] Topics not in preferred replica for broker 0 Map() (kafka.controller.KafkaController)
[2018-12-27 17:42:57,707] TRACE [Controller id=0] Leader imbalance ratio for broker 0 is 0.0 (kafka.controller.KafkaController)
